2023-03-02 15:19:38.361  INFO 8392 --- [main] T.TotalKnockoutChessApplication          : Starting TotalKnockoutChessApplication using Java 19.0.2 on DESKTOP-7SFDHRU with PID 8392 (E:\COMS309\1_an_5\Backend\Total-Knockout-Chess\target\classes started by conno in E:\COMS309\1_an_5\Backend\Total-Knockout-Chess)
2023-03-02 15:19:38.370  INFO 8392 --- [main] T.TotalKnockoutChessApplication          : No active profile set, falling back to default profiles: default
2023-03-02 15:19:39.042  INFO 8392 --- [main] .s.d.r.c.RepositoryConfigurationDelegate : Bootstrapping Spring Data JPA repositories in DEFERRED mode.
2023-03-02 15:19:39.094  INFO 8392 --- [main] .s.d.r.c.RepositoryConfigurationDelegate : Finished Spring Data repository scanning in 44 ms. Found 1 JPA repository interfaces.
2023-03-02 15:19:39.670  INFO 8392 --- [main] o.s.b.w.embedded.tomcat.TomcatWebServer  : Tomcat initialized with port(s): 8080 (http)
2023-03-02 15:19:39.682  INFO 8392 --- [main] o.apache.catalina.core.StandardService   : Starting service [Tomcat]
2023-03-02 15:19:39.683  INFO 8392 --- [main] org.apache.catalina.core.StandardEngine  : Starting Servlet engine: [Apache Tomcat/9.0.39]
2023-03-02 15:19:39.769  INFO 8392 --- [main] o.a.c.c.C.[Tomcat].[localhost].[/]       : Initializing Spring embedded WebApplicationContext
2023-03-02 15:19:39.770  INFO 8392 --- [main] w.s.c.ServletWebServerApplicationContext : Root WebApplicationContext: initialization completed in 1323 ms
2023-03-02 15:19:39.931  INFO 8392 --- [main] o.s.s.concurrent.ThreadPoolTaskExecutor  : Initializing ExecutorService 'applicationTaskExecutor'
2023-03-02 15:19:39.984  INFO 8392 --- [task-1] o.hibernate.jpa.internal.util.LogHelper  : HHH000204: Processing PersistenceUnitInfo [name: default]
2023-03-02 15:19:40.023  WARN 8392 --- [main] JpaBaseConfiguration$JpaWebConfiguration : spring.jpa.open-in-view is enabled by default. Therefore, database queries may be performed during view rendering. Explicitly configure spring.jpa.open-in-view to disable this warning
2023-03-02 15:19:40.072  INFO 8392 --- [task-1] org.hibernate.Version                    : HHH000412: Hibernate ORM core version 5.4.23.Final
2023-03-02 15:19:40.287  INFO 8392 --- [task-1] o.hibernate.annotations.common.Version   : HCANN000001: Hibernate Commons Annotations {5.1.2.Final}
2023-03-02 15:19:40.429  INFO 8392 --- [task-1] com.zaxxer.hikari.HikariDataSource       : HikariPool-1 - Starting...
2023-03-02 15:19:40.445  INFO 8392 --- [main] o.s.b.w.embedded.tomcat.TomcatWebServer  : Tomcat started on port(s): 8080 (http) with context path ''
2023-03-02 15:19:40.448  INFO 8392 --- [main] DeferredRepositoryInitializationListener : Triggering deferred initialization of Spring Data repositories…
2023-03-02 15:19:40.713  INFO 8392 --- [task-1] com.zaxxer.hikari.HikariDataSource       : HikariPool-1 - Start completed.
2023-03-02 15:19:40.742  INFO 8392 --- [task-1] org.hibernate.dialect.Dialect            : HHH000400: Using dialect: org.hibernate.dialect.MySQL55Dialect
2023-03-02 15:19:41.323  INFO 8392 --- [task-1] o.h.e.t.j.p.i.JtaPlatformInitiator       : HHH000490: Using JtaPlatform implementation: [org.hibernate.engine.transaction.jta.platform.internal.NoJtaPlatform]
2023-03-02 15:19:41.330  INFO 8392 --- [task-1] j.LocalContainerEntityManagerFactoryBean : Initialized JPA EntityManagerFactory for persistence unit 'default'
2023-03-02 15:19:41.525  INFO 8392 --- [main] DeferredRepositoryInitializationListener : Spring Data repositories initialized!
2023-03-02 15:19:41.533  INFO 8392 --- [main] T.TotalKnockoutChessApplication          : Started TotalKnockoutChessApplication in 3.653 seconds (JVM running for 4.122)
2023-03-02 17:34:03.613  INFO 8392 --- [SpringContextShutdownHook] j.LocalContainerEntityManagerFactoryBean : Closing JPA EntityManagerFactory for persistence unit 'default'
2023-03-02 17:34:03.614  INFO 8392 --- [SpringContextShutdownHook] o.s.s.concurrent.ThreadPoolTaskExecutor  : Shutting down ExecutorService 'applicationTaskExecutor'
2023-03-02 17:34:03.614  INFO 8392 --- [SpringContextShutdownHook] com.zaxxer.hikari.HikariDataSource       : HikariPool-1 - Shutdown initiated...
2023-03-02 17:34:03.616  INFO 8392 --- [SpringContextShutdownHook] com.zaxxer.hikari.HikariDataSource       : HikariPool-1 - Shutdown completed.
